<?xml version="1.0" encoding="UTF-8"?>
<testng-results skipped="0" failed="0" ignored="0" total="1" passed="1">
  <reporter-output>
  </reporter-output>
  <suite name="Default suite" duration-ms="21676" started-at="2020-05-23T18:29:58 EDT" finished-at="2020-05-23T18:30:19 EDT">
    <groups>
    </groups>
    <test name="Default test" duration-ms="21676" started-at="2020-05-23T18:29:58 EDT" finished-at="2020-05-23T18:30:19 EDT">
      <class name="greencart.aminTest">
        <test-method status="PASS" signature="ini()[pri:0, instance:greencart.aminTest@7c29daf3]" name="ini" is-config="true" duration-ms="9945" started-at="2020-05-23T18:29:58 EDT" finished-at="2020-05-23T18:30:07 EDT">
          <reporter-output>
          </reporter-output>
        </test-method> <!-- ini -->
        <test-method status="PASS" signature="run()[pri:0, instance:greencart.aminTest@7c29daf3]" name="run" duration-ms="11570" started-at="2020-05-23T18:30:08 EDT" finished-at="2020-05-23T18:30:19 EDT">
          <reporter-output>
          </reporter-output>
        </test-method> <!-- run -->
        <test-method status="PASS" signature="teardown()[pri:0, instance:greencart.aminTest@7c29daf3]" name="teardown" is-config="true" duration-ms="119" started-at="2020-05-23T18:30:19 EDT" finished-at="2020-05-23T18:30:19 EDT">
          <reporter-output>
          </reporter-output>
        </test-method> <!-- teardown -->
      </class> <!-- greencart.aminTest -->
    </test> <!-- Default test -->
  </suite> <!-- Default suite -->
</testng-results>
